3 4
0 0 move to 1,14 atk -1
1 1 move to 4,4 atk -1
2 2 move to 4,5 atk -1
3 3 move to 4,6 atk -1
4 4 move to 4,7 atk -1
5 5 move to 4,8 atk -1
6 6 move to 4,9 atk -1
7 7 move to 4,10 atk -1
8 8 move to 13,0 atk -1
9 9 move to 8,7 atk 2
10 10 move to 9,6 atk -1
11 11 move to 9,7 atk -1
12 12 move to 9,8 atk -1
13 13 move to 10,5 atk -1
14 14 move to 10,6 atk -1
15 15 move to 10,7 atk -1
16 16 move to 10,8 atk -1
17 17 move to 10,9 atk -1
18 18 move to 11,7 atk -1
19 0 move to 2,14 atk -1
20 1 move to 5,4 atk -1
21 2 move to 5,5 atk 9
22 3 move to 5,6 atk 9
23 4 move to 5,7 atk 9
24 5 move to 5,8 atk 10
25 6 move to 5,9 atk -1
26 7 move to 5,10 atk 9
27 8 move to 12,0 atk 2
28 9 move to 7,7 atk 1
29 10 move to 8,6 atk 4
30 11 move to 8,7 atk 3
31 12 move to 8,8 atk 3
32 13 move to 9,5 atk 1
33 14 move to 9,6 atk 1
34 15 move to 9,7 atk 3
35 16 move to 9,8 atk 1
36 17 move to 9,9 atk 2
37 18 move to 10,7 atk -1
38 0 move to 3,14 atk -1
39 2 move to 6,5 atk 14
40 3 move to 6,6 atk 13
41 4 move to 5,7 atk 10
42 5 move to 5,8 atk 13
43 6 move to 5,9 atk 14
44 7 move to 5,10 atk -1
45 8 move to 11,0 atk 2
46 9 move to 6,7 atk 7
47 11 move to 8,6 atk 3
48 12 move to 8,7 atk 3
49 15 move to 9,7 atk 4
50 16 move to 8,8 atk 4
51 17 move to 8,9 atk 4
52 18 move to 10,6 atk -1
53 0 move to 4,14 atk -1
54 4 move to 5,7 atk 9
55 5 move to 5,8 atk 12
56 6 move to 5,9 atk 11
57 7 move to 6,10 atk 15
58 8 move to 11,1 atk 5
59 11 move to 9,6 atk 5
60 12 move to 7,7 atk 4
61 15 move to 8,7 atk -1
62 16 move to 7,8 atk 5
63 17 move to 8,10 atk 6
64 18 move to 10,7 atk -1
65 0 move to 4,14 atk 17
66 5 move to 5,8 atk 11
67 6 move to 6,9 atk 12
68 7 move to 6,10 atk 18
69 8 move to 11,0 atk -1
70 15 move to 8,8 atk 6
71 16 move to 7,8 atk 5
72 17 move to 7,10 atk 5
73 18 move to 9,7 atk 7
74 0 move to 4,13 atk -1
75 6 move to 6,8 atk 15
76 7 move to 6,9 atk 18
77 8 move to 10,0 atk -1
78 16 move to 7,9 atk 7
79 17 move to 7,10 atk 6
80 0 move to 5,13 atk 16
81 6 move to 7,8 atk 16
82 7 move to 7,9 atk 17
83 8 move to 9,0 atk -1
84 0 move to 5,14 atk -1
85 6 move to 6,8 atk -1
86 7 move to 8,9 atk -1
87 8 move to 9,1 atk -1
88 0 move to 6,14 atk -1
89 6 move to 6,9 atk -1
90 7 move to 7,9 atk -1
91 8 move to 9,2 atk -1
92 0 move to 7,14 atk -1
93 6 move to 6,8 atk -1
94 7 move to 7,8 atk -1
95 8 move to 10,2 atk 6
96 0 move to 8,14 atk -1
97 6 move to 6,9 atk -1
98 7 move to 7,9 atk -1
99 8 move to 10,3 atk 6
100 0 move to 8,13 atk -1
101 7 move to 8,9 atk -1
102 8 move to 10,4 atk 7
103 0 move to 9,13 atk -1
104 8 move to 10,5 atk -1
105 0 move to 9,12 atk -1
106 8 move to 10,6 atk -1
107 0 move to 9,11 atk -1
108 8 move to 10,7 atk 0
109 0 move to 10,11 atk -1
110 8 move to 10,8 atk 0
111 0 move to 11,11 atk -1
112 8 move to 10,9 atk -1
113 0 move to 10,11 atk -1
114 8 move to 9,9 atk 0
115 0 move to 9,11 atk -1
116 8 move to 10,9 atk -1
117 0 move to 9,10 atk 8
118 8 move to 11,9 atk 0
119 0 move to 10,10 atk 8
120 8 move to 11,10 atk 0
121 8 move to 11,10 atk -1
